  main.cpp
  The contents of <string_view> are available only with C++17 or later.
C:\Users\RyanW\source\repos\skinchanger\skinchanger\memory.h(18,20): error C2039: 'string_view': is not a member of 'std'
C:\Program Files (x86)\Microsoft Visual Studio\2019\Community\VC\Tools\MSVC\14.29.30037\include\yvals.h(341): message : see declaration of 'std'
C:\Users\RyanW\source\repos\skinchanger\skinchanger\memory.h(18,8): error C4430: missing type specifier - int assumed. Note: C++ does not support default-int
C:\Users\RyanW\source\repos\skinchanger\skinchanger\memory.h(18,32): error C2146: syntax error: missing ')' before identifier 'processName'
C:\Users\RyanW\source\repos\skinchanger\skinchanger\memory.h(18,32): error C3646: 'processName': unknown override specifier
C:\Users\RyanW\source\repos\skinchanger\skinchanger\memory.h(18,8): error C2059: syntax error: ')'
C:\Users\RyanW\source\repos\skinchanger\skinchanger\memory.h(18,45): error C2143: syntax error: missing ';' before 'noexcept'
C:\Users\RyanW\source\repos\skinchanger\skinchanger\memory.h(18,45): error C2059: syntax error: 'noexcept'
C:\Users\RyanW\source\repos\skinchanger\skinchanger\memory.h(18,8): error C2334: unexpected token(s) preceding '{'; skipping apparent function body
C:\Users\RyanW\source\repos\skinchanger\skinchanger\memory.h(48,51): error C2039: 'string_view': is not a member of 'std'
C:\Program Files (x86)\Microsoft Visual Studio\2019\Community\VC\Tools\MSVC\14.29.30037\include\yvals.h(341): message : see declaration of 'std'
C:\Users\RyanW\source\repos\skinchanger\skinchanger\memory.h(48,63): error C4430: missing type specifier - int assumed. Note: C++ does not support default-int
C:\Users\RyanW\source\repos\skinchanger\skinchanger\memory.h(48,63): error C2146: syntax error: missing ')' before identifier 'moduleName'
C:\Users\RyanW\source\repos\skinchanger\skinchanger\memory.h(48,63): error C3646: 'moduleName': unknown override specifier
C:\Users\RyanW\source\repos\skinchanger\skinchanger\memory.h(48,73): error C2059: syntax error: ')'
C:\Users\RyanW\source\repos\skinchanger\skinchanger\memory.h(48,75): error C2143: syntax error: missing ';' before 'const'
C:\Users\RyanW\source\repos\skinchanger\skinchanger\memory.h(48,81): error C4430: missing type specifier - int assumed. Note: C++ does not support default-int
C:\Users\RyanW\source\repos\skinchanger\skinchanger\memory.h(48,81): error C2059: syntax error: 'noexcept'
C:\Users\RyanW\source\repos\skinchanger\skinchanger\memory.h(49,2): error C2334: unexpected token(s) preceding '{'; skipping apparent function body
C:\Users\RyanW\source\repos\skinchanger\skinchanger\main.cpp(3,9): error C2143: syntax error: missing ';' before '<'
C:\Users\RyanW\source\repos\skinchanger\skinchanger\main.cpp(3,9): error C4430: missing type specifier - int assumed. Note: C++ does not support default-int
C:\Users\RyanW\source\repos\skinchanger\skinchanger\main.cpp(6,1): error C2143: syntax error: missing ';' before '{'
C:\Users\RyanW\source\repos\skinchanger\skinchanger\main.cpp(6,1): error C2447: '{': missing function header (old-style formal list?)
C:\Users\RyanW\source\repos\skinchanger\skinchanger\main.cpp(30,41): error C2440: '<function-style-cast>': cannot convert from 'initializer list' to 'Memory'
C:\Users\RyanW\source\repos\skinchanger\skinchanger\main.cpp(30,41): message : No constructor could take the source type, or constructor overload resolution was ambiguous
C:\Users\RyanW\source\repos\skinchanger\skinchanger\main.cpp(30,13): error C2737: 'memory': const object must be initialized
C:\Users\RyanW\source\repos\skinchanger\skinchanger\main.cpp(33,28): error C3536: 'memory': cannot be used before it is initialized
C:\Users\RyanW\source\repos\skinchanger\skinchanger\main.cpp(33,13): error C2737: 'client': const object must be initialized
C:\Users\RyanW\source\repos\skinchanger\skinchanger\main.cpp(34,14): error C2737: 'engine': const object must be initialized
C:\Users\RyanW\source\repos\skinchanger\skinchanger\main.cpp(39,8): error C3083: 'this_thread': the symbol to the left of a '::' must be a type
C:\Users\RyanW\source\repos\skinchanger\skinchanger\main.cpp(39,21): error C2039: 'sleep_for': is not a member of 'std'
C:\Program Files (x86)\Microsoft Visual Studio\2019\Community\VC\Tools\MSVC\14.29.30037\include\yvals.h(341): message : see declaration of 'std'
C:\Users\RyanW\source\repos\skinchanger\skinchanger\main.cpp(39,36): error C3083: 'chrono': the symbol to the left of a '::' must be a type
C:\Users\RyanW\source\repos\skinchanger\skinchanger\main.cpp(39,44): error C2039: 'milliseconds': is not a member of 'std'
C:\Program Files (x86)\Microsoft Visual Studio\2019\Community\VC\Tools\MSVC\14.29.30037\include\yvals.h(341): message : see declaration of 'std'
C:\Users\RyanW\source\repos\skinchanger\skinchanger\main.cpp(39,56): error C3861: 'milliseconds': identifier not found
C:\Users\RyanW\source\repos\skinchanger\skinchanger\main.cpp(39,30): error C3861: 'sleep_for': identifier not found
C:\Users\RyanW\source\repos\skinchanger\skinchanger\main.cpp(40,2): error C2143: syntax error: missing ';' before '}'
